<?xml version="1.0" encoding="UTF-8"?>
<!-- Generated by org.testng.reporters.JUnitReportReporter -->
<testsuite hostname="Sakirs-MBP.lan" failures="0" tests="1" name="test.APITest1" time="2.334" errors="0" timestamp="2022-07-01T19:46:28 HST" skipped="0">
  <testcase classname="test.APITest1" name="apiTest1" time="2.334"/>
  <system-out/>
</testsuite> <!-- test.APITest1 -->
