<?xml version="1.0" encoding="UTF-8"?>
<!-- Generated by org.testng.reporters.JUnitReportReporter -->
<testsuite hostname="Sakirs-MBP.lan" failures="0" tests="1" name="test.Test1" time="23.085" errors="0" timestamp="2022-07-01T19:46:28 HST" skipped="0">
  <testcase classname="test.Test1" name="test1" time="23.085"/>
  <system-out>
    <![CDATA[<a href='/Users/sakirsahin/Desktop/MOCKITOASSESSMENT/SQACodingAssignmentTestNG/screenshots/passed/test12022-07-01-19-46-27.png'> <img src='/Users/sakirsahin/Desktop/MOCKITOASSESSMENT/SQACodingAssignmentTestNG/screenshots/passed/test12022-07-01-19-46-27.png' height='100' width='250'/> </a>]]>
  </system-out>
</testsuite> <!-- test.Test1 -->
